<?xml version="1.0" encoding="UTF-8"?>
<coverage generated="1564585431573" clover="3.2.0">
  <project timestamp="1564585431573" name="All files">
    <metrics statements="25" coveredstatements="1" conditionals="6" coveredconditionals="0" methods="17" coveredmethods="1" elements="48" coveredelements="2" complexity="0" loc="25" ncloc="25" packages="8" files="14" classes="14"/>
    <package name="boot">
      <metrics statements="4" coveredstatements="0" conditionals="0" coveredconditionals="0" methods="2" coveredmethods="0"/>
      <file name="axios.js" path="D:\Workspace\BROC\crm\quasar-doodle\src\boot\axios.js">
        <metrics statements="1" coveredstatements="0" conditionals="0" coveredconditionals="0" methods="1" coveredmethods="0"/>
        <line num="4" count="0" type="stmt"/>
      </file>
      <file name="i18n.js" path="D:\Workspace\BROC\crm\quasar-doodle\src\boot\i18n.js">
        <metrics statements="3" coveredstatements="0" conditionals="0" coveredconditionals="0" methods="1" coveredmethods="0"/>
        <line num="5" count="0" type="stmt"/>
        <line num="7" count="0" type="stmt"/>
        <line num="15" count="0" type="stmt"/>
      </file>
    </package>
    <package name="components">
      <metrics statements="1" coveredstatements="1" conditionals="0" coveredconditionals="0" methods="1" coveredmethods="1"/>
      <file name="ComponentToTest.vue" path="D:\Workspace\BROC\crm\quasar-doodle\src\components\ComponentToTest.vue">
        <metrics statements="1" coveredstatements="1" conditionals="0" coveredconditionals="0" methods="1" coveredmethods="1"/>
        <line num="24" count="1" type="stmt"/>
      </file>
    </package>
    <package name="i18n">
      <metrics statements="0" coveredstatements="0" conditionals="0" coveredconditionals="0" methods="0" coveredmethods="0"/>
      <file name="index.js" path="D:\Workspace\BROC\crm\quasar-doodle\src\i18n\index.js">
        <metrics statements="0" coveredstatements="0" conditionals="0" coveredconditionals="0" methods="0" coveredmethods="0"/>
      </file>
    </package>
    <package name="i18n.en-us">
      <metrics statements="0" coveredstatements="0" conditionals="0" coveredconditionals="0" methods="0" coveredmethods="0"/>
      <file name="index.js" path="D:\Workspace\BROC\crm\quasar-doodle\src\i18n\en-us\index.js">
        <metrics statements="0" coveredstatements="0" conditionals="0" coveredconditionals="0" methods="0" coveredmethods="0"/>
      </file>
    </package>
    <package name="layouts">
      <metrics statements="7" coveredstatements="0" conditionals="4" coveredconditionals="0" methods="5" coveredmethods="0"/>
      <file name="MyLayout.vue" path="D:\Workspace\BROC\crm\quasar-doodle\src\layouts\MyLayout.vue">
        <metrics statements="7" coveredstatements="0" conditionals="4" coveredconditionals="0" methods="5" coveredmethods="0"/>
        <line num="120" count="0" type="stmt"/>
        <line num="126" count="0" type="stmt"/>
        <line num="136" count="0" type="cond" truecount="0" falsecount="2"/>
        <line num="140" count="0" type="cond" truecount="0" falsecount="2"/>
        <line num="142" count="0" type="stmt"/>
        <line num="149" count="0" type="stmt"/>
        <line num="156" count="0" type="stmt"/>
      </file>
    </package>
    <package name="router">
      <metrics statements="10" coveredstatements="0" conditionals="2" coveredconditionals="0" methods="5" coveredmethods="0"/>
      <file name="index.js" path="D:\Workspace\BROC\crm\quasar-doodle\src\router\index.js">
        <metrics statements="4" coveredstatements="0" conditionals="0" coveredconditionals="0" methods="2" coveredmethods="0"/>
        <line num="6" count="0" type="stmt"/>
        <line num="14" count="0" type="stmt"/>
        <line num="15" count="0" type="stmt"/>
        <line num="25" count="0" type="stmt"/>
      </file>
      <file name="routes.js" path="D:\Workspace\BROC\crm\quasar-doodle\src\router\routes.js">
        <metrics statements="6" coveredstatements="0" conditionals="2" coveredconditionals="0" methods="3" coveredmethods="0"/>
        <line num="2" count="0" type="stmt"/>
        <line num="5" count="0" type="stmt"/>
        <line num="7" count="0" type="stmt"/>
        <line num="13" count="0" type="cond" truecount="0" falsecount="2"/>
        <line num="14" count="0" type="stmt"/>
        <line num="16" count="0" type="stmt"/>
      </file>
    </package>
    <package name="store">
      <metrics statements="3" coveredstatements="0" conditionals="0" coveredconditionals="0" methods="1" coveredmethods="0"/>
      <file name="index.js" path="D:\Workspace\BROC\crm\quasar-doodle\src\store\index.js">
        <metrics statements="3" coveredstatements="0" conditionals="0" coveredconditionals="0" methods="1" coveredmethods="0"/>
        <line num="6" count="0" type="stmt"/>
        <line num="14" count="0" type="stmt"/>
        <line num="24" count="0" type="stmt"/>
      </file>
    </package>
    <package name="store.module-example">
      <metrics statements="0" coveredstatements="0" conditionals="0" coveredconditionals="0" methods="3" coveredmethods="0"/>
      <file name="actions.js" path="D:\Workspace\BROC\crm\quasar-doodle\src\store\module-example\actions.js">
        <metrics statements="0" coveredstatements="0" conditionals="0" coveredconditionals="0" methods="1" coveredmethods="0"/>
      </file>
      <file name="getters.js" path="D:\Workspace\BROC\crm\quasar-doodle\src\store\module-example\getters.js">
        <metrics statements="0" coveredstatements="0" conditionals="0" coveredconditionals="0" methods="1" coveredmethods="0"/>
      </file>
      <file name="index.js" path="D:\Workspace\BROC\crm\quasar-doodle\src\store\module-example\index.js">
        <metrics statements="0" coveredstatements="0" conditionals="0" coveredconditionals="0" methods="0" coveredmethods="0"/>
      </file>
      <file name="mutations.js" path="D:\Workspace\BROC\crm\quasar-doodle\src\store\module-example\mutations.js">
        <metrics statements="0" coveredstatements="0" conditionals="0" coveredconditionals="0" methods="1" coveredmethods="0"/>
      </file>
      <file name="state.js" path="D:\Workspace\BROC\crm\quasar-doodle\src\store\module-example\state.js">
        <metrics statements="0" coveredstatements="0" conditionals="0" coveredconditionals="0" methods="0" coveredmethods="0"/>
      </file>
    </package>
  </project>
</coverage>
