{"D:\\Workspace\\BROC\\crm\\quasar-doodle\\src\\boot\\axios.js": {"path":"D:\\Workspace\\BROC\\crm\\quasar-doodle\\src\\boot\\axios.js","statementMap":{"0":{"start":{"line":4,"column":2},"end":{"line":4,"column":30}}},"fnMap":{"0":{"name":"(anonymous_0)","decl":{"start":{"line":3,"column":15},"end":{"line":3,"column":16}},"loc":{"start":{"line":3,"column":34},"end":{"line":5,"column":1}},"line":3}},"branchMap":{},"s":{"0":0},"f":{"0":0},"b":{},"hash":"32e9956dc8454b1399eeeb298147e15ea88bc816"}
,"D:\\Workspace\\BROC\\crm\\quasar-doodle\\src\\boot\\i18n.js": {"path":"D:\\Workspace\\BROC\\crm\\quasar-doodle\\src\\boot\\i18n.js","statementMap":{"0":{"start":{"line":5,"column":0},"end":{"line":5,"column":16}},"1":{"start":{"line":7,"column":13},"end":{"line":11,"column":2}},"2":{"start":{"line":15,"column":2},"end":{"line":15,"column":17}}},"fnMap":{"0":{"name":"(anonymous_0)","decl":{"start":{"line":13,"column":15},"end":{"line":13,"column":16}},"loc":{"start":{"line":13,"column":28},"end":{"line":16,"column":1}},"line":13}},"branchMap":{},"s":{"0":0,"1":0,"2":0},"f":{"0":0},"b":{},"hash":"7b2655eaad5ee0850641f79d22065aa7eb335e6e"}
,"D:\\Workspace\\BROC\\crm\\quasar-doodle\\src\\components\\ComponentToTest.vue": {"path":"D:\\Workspace\\BROC\\crm\\quasar-doodle\\src\\components\\ComponentToTest.vue","statementMap":{"0":{"start":{"line":24,"column":0},"end":{"line":24,"column":null}}},"fnMap":{"0":{"name":"emitSearch","decl":{"start":{"line":23,"column":0},"end":{"line":23,"column":null}},"loc":{"start":{"line":23,"column":0},"end":{"line":25,"column":null}}}},"branchMap":{},"s":{"0":1},"f":{"0":1},"b":{}}
,"D:\\Workspace\\BROC\\crm\\quasar-doodle\\src\\i18n\\index.js": {"path":"D:\\Workspace\\BROC\\crm\\quasar-doodle\\src\\i18n\\index.js","statementMap":{},"fnMap":{},"branchMap":{},"s":{},"f":{},"b":{},"hash":"53092be30c058f571be4a03d479abdd0b6a59529"}
,"D:\\Workspace\\BROC\\crm\\quasar-doodle\\src\\i18n\\en-us\\index.js": {"path":"D:\\Workspace\\BROC\\crm\\quasar-doodle\\src\\i18n\\en-us\\index.js","statementMap":{},"fnMap":{},"branchMap":{},"s":{},"f":{},"b":{},"hash":"1fec6dd7b5af6ae072786b9c8e08063e136178cd"}
,"D:\\Workspace\\BROC\\crm\\quasar-doodle\\src\\layouts\\MyLayout.vue": {"path":"D:\\Workspace\\BROC\\crm\\quasar-doodle\\src\\layouts\\MyLayout.vue","statementMap":{"0":{"start":{"line":120,"column":0},"end":{"line":120,"column":null}},"1":{"start":{"line":126,"column":0},"end":{"line":126,"column":null}},"2":{"start":{"line":136,"column":0},"end":{"line":136,"column":null}},"3":{"start":{"line":140,"column":0},"end":{"line":140,"column":null}},"4":{"start":{"line":142,"column":0},"end":{"line":142,"column":null}},"5":{"start":{"line":149,"column":0},"end":{"line":149,"column":null}},"6":{"start":{"line":156,"column":0},"end":{"line":156,"column":null}}},"fnMap":{"0":{"name":"data","decl":{"start":{"line":125,"column":0},"end":{"line":125,"column":null}},"loc":{"start":{"line":125,"column":0},"end":{"line":132,"column":null}}},"1":{"name":"qlayout","decl":{"start":{"line":135,"column":0},"end":{"line":135,"column":null}},"loc":{"start":{"line":135,"column":0},"end":{"line":137,"column":null}}},"2":{"name":"bannerStyle","decl":{"start":{"line":139,"column":0},"end":{"line":139,"column":null}},"loc":{"start":{"line":139,"column":0},"end":{"line":145,"column":null}}},"3":{"name":"mounted","decl":{"start":{"line":148,"column":0},"end":{"line":148,"column":null}},"loc":{"start":{"line":148,"column":0},"end":{"line":150,"column":null}}},"4":{"name":"toggleSidebar","decl":{"start":{"line":155,"column":0},"end":{"line":155,"column":null}},"loc":{"start":{"line":155,"column":0},"end":{"line":157,"column":null}}}},"branchMap":{"0":{"loc":{"start":{"line":136,"column":0},"end":{"line":136,"column":null}},"type":"binary-expr","locations":[{"start":{"line":136,"column":0},"end":{"line":136,"column":null}},{"start":{"line":136,"column":0},"end":{"line":136,"column":null}}]},"1":{"loc":{"start":{"line":140,"column":0},"end":{"line":140,"column":null}},"type":"cond-expr","locations":[{"start":{"line":140,"column":0},"end":{"line":140,"column":null}},{"start":{"line":140,"column":0},"end":{"line":140,"column":null}}]}},"s":{"0":0,"1":0,"2":0,"3":0,"4":0,"5":0,"6":0},"f":{"0":0,"1":0,"2":0,"3":0,"4":0},"b":{"0":[0,0],"1":[0,0]}}
,"D:\\Workspace\\BROC\\crm\\quasar-doodle\\src\\router\\index.js": {"path":"D:\\Workspace\\BROC\\crm\\quasar-doodle\\src\\router\\index.js","statementMap":{"0":{"start":{"line":6,"column":0},"end":{"line":6,"column":18}},"1":{"start":{"line":14,"column":17},"end":{"line":23,"column":4}},"2":{"start":{"line":15,"column":27},"end":{"line":15,"column":41}},"3":{"start":{"line":25,"column":2},"end":{"line":25,"column":15}}},"fnMap":{"0":{"name":"(anonymous_0)","decl":{"start":{"line":13,"column":15},"end":{"line":13,"column":16}},"loc":{"start":{"line":13,"column":54},"end":{"line":26,"column":1}},"line":13},"1":{"name":"(anonymous_1)","decl":{"start":{"line":15,"column":20},"end":{"line":15,"column":21}},"loc":{"start":{"line":15,"column":27},"end":{"line":15,"column":41}},"line":15}},"branchMap":{},"s":{"0":0,"1":0,"2":0,"3":0},"f":{"0":0,"1":0},"b":{},"hash":"a8e5a9faa5620c911eea0e9f089b529aa65574db"}
,"D:\\Workspace\\BROC\\crm\\quasar-doodle\\src\\router\\routes.js": {"path":"D:\\Workspace\\BROC\\crm\\quasar-doodle\\src\\router\\routes.js","statementMap":{"0":{"start":{"line":2,"column":15},"end":{"line":10,"column":1}},"1":{"start":{"line":5,"column":21},"end":{"line":5,"column":51}},"2":{"start":{"line":7,"column":35},"end":{"line":7,"column":60}},"3":{"start":{"line":13,"column":0},"end":{"line":18,"column":1}},"4":{"start":{"line":14,"column":2},"end":{"line":17,"column":4}},"5":{"start":{"line":16,"column":21},"end":{"line":16,"column":49}}},"fnMap":{"0":{"name":"(anonymous_0)","decl":{"start":{"line":5,"column":15},"end":{"line":5,"column":16}},"loc":{"start":{"line":5,"column":21},"end":{"line":5,"column":51}},"line":5},"1":{"name":"(anonymous_1)","decl":{"start":{"line":7,"column":29},"end":{"line":7,"column":30}},"loc":{"start":{"line":7,"column":35},"end":{"line":7,"column":60}},"line":7},"2":{"name":"(anonymous_2)","decl":{"start":{"line":16,"column":15},"end":{"line":16,"column":16}},"loc":{"start":{"line":16,"column":21},"end":{"line":16,"column":49}},"line":16}},"branchMap":{"0":{"loc":{"start":{"line":13,"column":0},"end":{"line":18,"column":1}},"type":"if","locations":[{"start":{"line":13,"column":0},"end":{"line":18,"column":1}},{"start":{"line":13,"column":0},"end":{"line":18,"column":1}}],"line":13}},"s":{"0":0,"1":0,"2":0,"3":0,"4":0,"5":0},"f":{"0":0,"1":0,"2":0},"b":{"0":[0,0]},"hash":"d4ad3e507ac45c2802fee5a92339cc5d62fcd3e4"}
,"D:\\Workspace\\BROC\\crm\\quasar-doodle\\src\\store\\index.js": {"path":"D:\\Workspace\\BROC\\crm\\quasar-doodle\\src\\store\\index.js","statementMap":{"0":{"start":{"line":6,"column":0},"end":{"line":6,"column":13}},"1":{"start":{"line":14,"column":16},"end":{"line":22,"column":4}},"2":{"start":{"line":24,"column":2},"end":{"line":24,"column":14}}},"fnMap":{"0":{"name":"(anonymous_0)","decl":{"start":{"line":13,"column":15},"end":{"line":13,"column":16}},"loc":{"start":{"line":13,"column":47},"end":{"line":25,"column":1}},"line":13}},"branchMap":{},"s":{"0":0,"1":0,"2":0},"f":{"0":0},"b":{},"hash":"6151ab8dea31f3e58d4d872ba962403c90008d10"}
,"D:\\Workspace\\BROC\\crm\\quasar-doodle\\src\\store\\module-example\\actions.js": {"path":"D:\\Workspace\\BROC\\crm\\quasar-doodle\\src\\store\\module-example\\actions.js","statementMap":{},"fnMap":{"0":{"name":"someAction","decl":{"start":{"line":1,"column":16},"end":{"line":1,"column":26}},"loc":{"start":{"line":1,"column":43},"end":{"line":2,"column":1}},"line":1}},"branchMap":{},"s":{},"f":{"0":0},"b":{},"hash":"63cb46140043ca3b3ac6b349e488a2e6397cec68"}
,"D:\\Workspace\\BROC\\crm\\quasar-doodle\\src\\store\\module-example\\getters.js": {"path":"D:\\Workspace\\BROC\\crm\\quasar-doodle\\src\\store\\module-example\\getters.js","statementMap":{},"fnMap":{"0":{"name":"someGetter","decl":{"start":{"line":1,"column":16},"end":{"line":1,"column":26}},"loc":{"start":{"line":1,"column":41},"end":{"line":2,"column":1}},"line":1}},"branchMap":{},"s":{},"f":{"0":0},"b":{},"hash":"c28f1644c0a4b4102667f92e9d10921e71150f33"}
,"D:\\Workspace\\BROC\\crm\\quasar-doodle\\src\\store\\module-example\\index.js": {"path":"D:\\Workspace\\BROC\\crm\\quasar-doodle\\src\\store\\module-example\\index.js","statementMap":{},"fnMap":{},"branchMap":{},"s":{},"f":{},"b":{},"hash":"92c61bf04a336901a397e93e9d26e4cf845ab0f3"}
,"D:\\Workspace\\BROC\\crm\\quasar-doodle\\src\\store\\module-example\\mutations.js": {"path":"D:\\Workspace\\BROC\\crm\\quasar-doodle\\src\\store\\module-example\\mutations.js","statementMap":{},"fnMap":{"0":{"name":"someMutation","decl":{"start":{"line":1,"column":16},"end":{"line":1,"column":28}},"loc":{"start":{"line":1,"column":43},"end":{"line":2,"column":1}},"line":1}},"branchMap":{},"s":{},"f":{"0":0},"b":{},"hash":"4513623d57951b36b91beec8803748b364cb59fb"}
,"D:\\Workspace\\BROC\\crm\\quasar-doodle\\src\\store\\module-example\\state.js": {"path":"D:\\Workspace\\BROC\\crm\\quasar-doodle\\src\\store\\module-example\\state.js","statementMap":{},"fnMap":{},"branchMap":{},"s":{},"f":{},"b":{},"hash":"5312728ef7e6def03e7b8d29a5c3a2c0392f76ac"}
}
