TN:
SF:D:\Workspace\BROC\crm\quasar-doodle\src\boot\axios.js
FN:3,(anonymous_0)
FNF:1
FNH:0
FNDA:0,(anonymous_0)
DA:4,0
LF:1
LH:0
BRF:0
BRH:0
end_of_record
TN:
SF:D:\Workspace\BROC\crm\quasar-doodle\src\boot\i18n.js
FN:13,(anonymous_0)
FNF:1
FNH:0
FNDA:0,(anonymous_0)
DA:5,0
DA:7,0
DA:15,0
LF:3
LH:0
BRF:0
BRH:0
end_of_record
TN:
SF:D:\Workspace\BROC\crm\quasar-doodle\src\components\ComponentToTest.vue
FN:23,emitSearch
FNF:1
FNH:1
FNDA:1,emitSearch
DA:24,1
LF:1
LH:1
BRF:0
BRH:0
end_of_record
TN:
SF:D:\Workspace\BROC\crm\quasar-doodle\src\i18n\index.js
FNF:0
FNH:0
LF:0
LH:0
BRF:0
BRH:0
end_of_record
TN:
SF:D:\Workspace\BROC\crm\quasar-doodle\src\i18n\en-us\index.js
FNF:0
FNH:0
LF:0
LH:0
BRF:0
BRH:0
end_of_record
TN:
SF:D:\Workspace\BROC\crm\quasar-doodle\src\layouts\MyLayout.vue
FN:125,data
FN:135,qlayout
FN:139,bannerStyle
FN:148,mounted
FN:155,toggleSidebar
FNF:5
FNH:0
FNDA:0,data
FNDA:0,qlayout
FNDA:0,bannerStyle
FNDA:0,mounted
FNDA:0,toggleSidebar
DA:120,0
DA:126,0
DA:136,0
DA:140,0
DA:142,0
DA:149,0
DA:156,0
LF:7
LH:0
BRDA:136,0,0,0
BRDA:136,0,1,0
BRDA:140,1,0,0
BRDA:140,1,1,0
BRF:4
BRH:0
end_of_record
TN:
SF:D:\Workspace\BROC\crm\quasar-doodle\src\router\index.js
FN:13,(anonymous_0)
FN:15,(anonymous_1)
FNF:2
FNH:0
FNDA:0,(anonymous_0)
FNDA:0,(anonymous_1)
DA:6,0
DA:14,0
DA:15,0
DA:25,0
LF:4
LH:0
BRF:0
BRH:0
end_of_record
TN:
SF:D:\Workspace\BROC\crm\quasar-doodle\src\router\routes.js
FN:5,(anonymous_0)
FN:7,(anonymous_1)
FN:16,(anonymous_2)
FNF:3
FNH:0
FNDA:0,(anonymous_0)
FNDA:0,(anonymous_1)
FNDA:0,(anonymous_2)
DA:2,0
DA:5,0
DA:7,0
DA:13,0
DA:14,0
DA:16,0
LF:6
LH:0
BRDA:13,0,0,0
BRDA:13,0,1,0
BRF:2
BRH:0
end_of_record
TN:
SF:D:\Workspace\BROC\crm\quasar-doodle\src\store\index.js
FN:13,(anonymous_0)
FNF:1
FNH:0
FNDA:0,(anonymous_0)
DA:6,0
DA:14,0
DA:24,0
LF:3
LH:0
BRF:0
BRH:0
end_of_record
TN:
SF:D:\Workspace\BROC\crm\quasar-doodle\src\store\module-example\actions.js
FN:1,someAction
FNF:1
FNH:0
FNDA:0,someAction
LF:0
LH:0
BRF:0
BRH:0
end_of_record
TN:
SF:D:\Workspace\BROC\crm\quasar-doodle\src\store\module-example\getters.js
FN:1,someGetter
FNF:1
FNH:0
FNDA:0,someGetter
LF:0
LH:0
BRF:0
BRH:0
end_of_record
TN:
SF:D:\Workspace\BROC\crm\quasar-doodle\src\store\module-example\index.js
FNF:0
FNH:0
LF:0
LH:0
BRF:0
BRH:0
end_of_record
TN:
SF:D:\Workspace\BROC\crm\quasar-doodle\src\store\module-example\mutations.js
FN:1,someMutation
FNF:1
FNH:0
FNDA:0,someMutation
LF:0
LH:0
BRF:0
BRH:0
end_of_record
TN:
SF:D:\Workspace\BROC\crm\quasar-doodle\src\store\module-example\state.js
FNF:0
FNH:0
LF:0
LH:0
BRF:0
BRH:0
end_of_record
